<?xml version="1.0" encoding="UTF-8"?>
<!-- Generated by org.testng.reporters.JUnitReportReporter -->
<testsuite hostname="DESKTOP-PAR4CB8" failures="0" tests="1" name="Assesment1.Assesment1.edureka" time="42.209" errors="0" timestamp="2024-03-16T11:23:24 IST" skipped="0">
  <testcase classname="Assesment1.Assesment1.edureka" name="Test" time="42.209"/>
</testsuite> <!-- Assesment1.Assesment1.edureka -->
