<?xml version="1.0" encoding="UTF-8"?>
<!-- Generated by org.testng.reporters.JUnitReportReporter -->
<testsuite hostname="DESKTOP-PAR4CB8" failures="0" tests="1" name="Assesment1.Assesment1.Coursera" time="15.498" errors="0" timestamp="2024-03-15T22:56:53 IST" skipped="0">
  <testcase classname="Assesment1.Assesment1.Coursera" name="chromedriver" time="15.498"/>
</testsuite> <!-- Assesment1.Assesment1.Coursera -->
